\BOOKMARK [1][-]{Doc-Start}{Abstract}{}% 1
\BOOKMARK [2][-]{section*.1}{Dedication}{Doc-Start}% 2
\BOOKMARK [1][-]{section*.1}{Coordinated\040information\040coding\040in\040a\040desynchronized\040network}{}% 3
\BOOKMARK [2][-]{section*.2}{Abstract}{section*.1}% 4
\BOOKMARK [2][-]{section*.2}{Introduction}{section*.1}% 5
\BOOKMARK [3][-]{section*.3}{CA1\040place\040cell\040excitation\040is\040timed\040by\04010Hz\040oscillation\040-\040theta\040rhythm}{section*.2}% 6
\BOOKMARK [3][-]{section*.3}{Theta\040sequences}{section*.2}% 7
\BOOKMARK [3][-]{section*.3}{Communication\040through\040coherence}{section*.2}% 8
\BOOKMARK [3][-]{section*.3}{Tension\040between\040hypothesized\040roles\040in\040gating\040communication\040channels\040and\040encoding}{section*.2}% 9
\BOOKMARK [3][-]{section*.3}{Theta\040as\040traveling\040wave,\040excitatory\040time\040offsets\040over\040hippocampal\040CA1}{section*.2}% 10
\BOOKMARK [3][-]{section*.3}{Theta\040sequences:\040locally\040paced\040or\040globally\040synchronized?}{section*.2}% 11
\BOOKMARK [2][-]{section*.3}{Materials\040&\040Methods}{section*.1}% 12
\BOOKMARK [3][-]{section*.4}{Subjects}{section*.3}% 13
\BOOKMARK [3][-]{section*.4}{Single-unit\040tetrode\040recording}{section*.3}% 14
\BOOKMARK [3][-]{section*.4}{Behavioral\040training}{section*.3}% 15
\BOOKMARK [3][-]{section*.4}{Electrophysiological\040Characterization}{section*.3}% 16
\BOOKMARK [3][-]{section*.4}{Theta\040sequences}{section*.3}% 17
\BOOKMARK [2][-]{section*.4}{Results}{section*.1}% 18
\BOOKMARK [3][-]{section*.5}{Theta\040phase\040spatial\040properties\040and\040timing\040offsets:\04013ms\040delay\040per\040mm}{section*.4}% 19
\BOOKMARK [3][-]{figure.2}{Place\040cell\040pairs\040are\040synchronized\040across\040anatomical\040space}{section*.4}% 20
\BOOKMARK [3][-]{table.1}{Ensemble\040theta\040sequences\040are\040synchronized}{section*.4}% 21
\BOOKMARK [2][-]{table.2}{Discussion}{section*.1}% 22
\BOOKMARK [3][-]{section*.6}{Theta\040traveling\040wave\040properties}{table.2}% 23
\BOOKMARK [3][-]{section*.6}{Despite\040theta\040timing\040differences,\040information\040coding\040is\040synchronized}{table.2}% 24
\BOOKMARK [3][-]{section*.6}{Medial/lateral\040CA1\040may\040preferentially\040carry\040most\040of\040the\040spikes\040at\040different\040times}{table.2}% 25
\BOOKMARK [3][-]{section*.6}{Model\0401:\040Spatially\040graded,\040temporally\040constant\040compensating\040excitation}{table.2}% 26
\BOOKMARK [3][-]{section*.6}{Model\0402:\040Phase\040precession\040inherited\040from\040synchronized\040afferents}{table.2}% 27
\BOOKMARK [3][-]{section*.6}{Model\0403:\040Independent\040effects\040on\040spike\040timing\040and\040LFP\040from\040different\040theta\040sources}{table.2}% 28
\BOOKMARK [3][-]{figure.7}{Information\040timing\040is\040decoupled\040from\040bulk\040firing\040rate\040for\040globally\040coherent\040coding}{table.2}% 29
\BOOKMARK [1][-]{figure.7}{Real\040time\040position\040decoding\040from\040populations\040of\040place\040cells}{}% 30
\BOOKMARK [2][-]{section*.7}{Abstract}{figure.7}% 31
\BOOKMARK [2][-]{section*.7}{Introduction}{figure.7}% 32
\BOOKMARK [3][-]{section*.8}{Theta\040sequences\040and\040replay\040in\040place\040cells,\040phenomenology}{section*.7}% 33
\BOOKMARK [3][-]{section*.8}{Summary\040of\040replay\040disruption\040studies}{section*.7}% 34
\BOOKMARK [3][-]{section*.8}{Rationale\040for\040information-dependent\040replay\040manipulation}{section*.7}% 35
\BOOKMARK [3][-]{section*.8}{Online\040replay\040decoding\040challenges}{section*.7}% 36
\BOOKMARK [3][-]{section*.8}{Minimizing\040human\040intervention:\040no\040time\040for\040manual\040spike\040sorting}{section*.7}% 37
\BOOKMARK [3][-]{section*.8}{A\040proof\040of\040concept\040in\040c\040and\040Haskell}{section*.7}% 38
\BOOKMARK [2][-]{section*.8}{Materials\040and\040Methods}{figure.7}% 39
\BOOKMARK [3][-]{section*.9}{Backend\040signal\040acquisition\040and\040networking}{section*.8}% 40
\BOOKMARK [3][-]{section*.9}{Offline\040position\040reconstruction}{section*.8}% 41
\BOOKMARK [3][-]{section*.9}{Online\040position\040reconstruction}{section*.8}% 42
\BOOKMARK [3][-]{section*.9}{Modeling\040place\040fields\040with\040Haskell\040data\040types}{section*.8}% 43
\BOOKMARK [3][-]{section*.9}{Managing\040concurrency\040and\040data\040streaming}{section*.8}% 44
\BOOKMARK [3][-]{section*.9}{Clusterless\040decoding}{section*.8}% 45
\BOOKMARK [2][-]{section*.9}{Results}{figure.7}% 46
\BOOKMARK [3][-]{section*.10}{Decoding\040fast-timescale\040features:\040theta\040sequences\040and\040replay}{section*.9}% 47
\BOOKMARK [3][-]{figure.8}{Decoding\040speed\040and\040real\040time\040requirements}{section*.9}% 48
\BOOKMARK [3][-]{figure.9}{Bugs,\040deadlocks,\040crashes\040and\040performance\040debugging}{section*.9}% 49
\BOOKMARK [2][-]{figure.10}{Discussion}{figure.7}% 50
\BOOKMARK [3][-]{section*.11}{A\040tool\040for\040decoding\040streaming\040place\040cell\040data}{figure.10}% 51
\BOOKMARK [3][-]{section*.11}{Remaining\040components\040needed\040to\040run\040experiments}{figure.10}% 52
\BOOKMARK [3][-]{section*.11}{Possible\040experiments\040using\040real\040time\040decoding}{figure.10}% 53
\BOOKMARK [1][-]{section*.11}{Retrosplenial\040slow-wave\040wake\040and\040interaction\040with\040hippocampus}{}% 54
\BOOKMARK [2][-]{section*.12}{Abstract}{section*.11}% 55
\BOOKMARK [2][-]{section*.12}{Introduction}{section*.11}% 56
\BOOKMARK [3][-]{section*.13}{Cortico-hippocampal\040sleep\040interactions,\040possible\040role\040in\040memory}{section*.12}% 57
\BOOKMARK [3][-]{section*.13}{Slow\040wave\040oscillations\040cleanly\040distinguish\040between\040sleeping\040and\040awake\040cortex}{section*.12}% 58
\BOOKMARK [3][-]{section*.13}{Theta\040and\040ripples\040distinguish\040between\040'online'\040and\040'offline'\040hippocampus}{section*.12}% 59
\BOOKMARK [3][-]{section*.13}{Retrosplenial\040cortex\040unexpectedly\040follows\040HPC\040into\040SWS-like\040state\040during\040reward}{section*.12}% 60
\BOOKMARK [2][-]{section*.13}{Materials\040&\040Methods}{section*.11}% 61
\BOOKMARK [3][-]{section*.14}{Subjects}{section*.13}% 62
\BOOKMARK [3][-]{section*.14}{Single-unit\040tetrode\040recording}{section*.13}% 63
\BOOKMARK [3][-]{section*.14}{Behavioral\040training}{section*.13}% 64
\BOOKMARK [3][-]{section*.14}{Electrophysiological\040Characterization}{section*.13}% 65
\BOOKMARK [3][-]{section*.14}{Frame\040detection}{section*.13}% 66
\BOOKMARK [2][-]{section*.14}{Results}{section*.11}% 67
\BOOKMARK [3][-]{section*.15}{Characterizing\040slow-wave\040sleep\040\(SWS\)\040in\040cortex}{section*.14}% 68
\BOOKMARK [3][-]{figure.11}{Retrosplenial\040cortex\040enters\040SWS-like\040state\040during\040novelty\040/\040large\040rewards}{section*.14}% 69
\BOOKMARK [3][-]{figure.14}{RSC\040awake\040slow\040waves\040coordinate\040with\040hippocampus\040under\040diverse\040conditions}{section*.14}% 70
\BOOKMARK [3][-]{figure.15}{Anatomical\040restriction\040-\040non-participation\040in\040other\040cortical\040areas}{section*.14}% 71
\BOOKMARK [2][-]{figure.17}{Discussion}{section*.11}% 72
\BOOKMARK [3][-]{section*.16}{Awake\040slow-waves\040in\040RSC,\040coordinated\040with\040HPC,\040fully\040awake}{figure.17}% 73
\BOOKMARK [3][-]{section*.16}{Comparison\040with\040Vyazovskiy's\040local\040sleep}{figure.17}% 74
\BOOKMARK [3][-]{section*.16}{Functional\040roles\040for\040HPC-Cortex\040coordination\040may\040apply\040to\040wake}{figure.17}% 75
\BOOKMARK [3][-]{section*.16}{New\040questions\040raised\040by\040awake\040slow\040waves}{figure.17}% 76
\BOOKMARK [1][-]{section*.16}{Conclusion\040/\040Wrap-up}{}% 77
\BOOKMARK [1][-]{section*.16}{Appendix\040A:\040Hippocampal\040anatomy\040and\040physiology\040background}{}% 78
\BOOKMARK [2][-]{section*.17}{Hippocampal\040anatomy:\040cell\040layer\040and\040dendritic\040layers}{section*.16}% 79
\BOOKMARK [2][-]{section*.17}{Hippocampal\040place\040cells}{section*.16}% 80
\BOOKMARK [2][-]{section*.17}{Theta\040oscillations\040and\040multiunit\040spike\040phase}{section*.16}% 81
\BOOKMARK [1][-]{section*.17}{Appendix\040B:\040Sleep\040states\040and\040hippocampal-cortical\040interactions}{}% 82
\BOOKMARK [2][-]{section*.18}{Sleep\040stages,\040cortical\040EEG\040correlates\040\(spindles,\040delta,\040theta\)}{section*.17}% 83
\BOOKMARK [2][-]{section*.18}{Up-down\040states\040in\040vitro,\040frames\040of\040cortical\040spikes\040during\040sleep\040in\040vivo}{section*.17}% 84
\BOOKMARK [2][-]{section*.18}{Hippocampal\040ripples\040and\040sleep\040replay,\040wake\040replay}{section*.17}% 85
\BOOKMARK [2][-]{section*.18}{Hippocampal-cortical\040coordination}{section*.17}% 86
\BOOKMARK [1][-]{section*.18}{Appendix\040C:\040Haskell}{}% 87
\BOOKMARK [2][-]{section*.19}{What\040is\040functional\040programming}{section*.18}% 88
\BOOKMARK [2][-]{section*.19}{What\040are\040types}{section*.18}% 89
\BOOKMARK [2][-]{section*.19}{Declarative\040programming}{section*.18}% 90
\BOOKMARK [2][-]{section*.19}{Concurrency\040-\040difficulty\040of\040running\040multiple\040threads\040simultaneously}{section*.18}% 91
\BOOKMARK [1][-]{table.3}{References}{}% 92
